# JRE version: OpenJDK Runtime Environment (8.0_212-b04) (build 1.8.0_212-release-1586-b04)
# Java VM: OpenJDK 64-Bit Server VM (25.212-b04 mixed mode windows-amd64 compressed oops)
Heap:
 PSYoungGen      total 347136K, used 150568K [0x00000000e0000000, 0x0000000100000000, 0x0000000100000000)
  eden space 251904K, 22% used [0x00000000e0000000,0x00000000e36484f0,0x00000000ef600000)
  from space 95232K, 99% used [0x00000000ef600000,0x00000000f52c1ba0,0x00000000f5300000)
  to   space 141824K, 0% used [0x00000000f7580000,0x00000000f7580000,0x0000000100000000)
 ParOldGen       total 437248K, used 338796K [0x00000000a0000000, 0x00000000bab00000, 0x00000000e0000000)
  object space 437248K, 77% used [0x00000000a0000000,0x00000000b4adb1b8,0x00000000bab00000)
 Metaspace       used 158008K, capacity 164411K, committed 164736K, reserved 1191936K
  class space    used 19882K, capacity 21278K, committed 21376K, reserved 1048576K
GC Heap History (10 events):
Event: 635.091 GC heap before
{Heap before GC invocations=71 (full 10):
 PSYoungGen      total 354816K, used 354792K [0x00000000e0000000, 0x0000000100000000, 0x0000000100000000)
  eden space 263168K, 100% used [0x00000000e0000000,0x00000000f0100000,0x00000000f0100000)
  from space 91648K, 99% used [0x00000000fa680000,0x00000000ffffa2f0,0x0000000100000000)
  to   space 130560K, 0% used [0x00000000f0100000,0x00000000f0100000,0x00000000f8080000)
 ParOldGen       total 437248K, used 320625K [0x00000000a0000000, 0x00000000bab00000, 0x00000000e0000000)
  object space 437248K, 73% used [0x00000000a0000000,0x00000000b391c770,0x00000000bab00000)
 Metaspace       used 138204K, capacity 143427K, committed 143488K, reserved 1175552K
  class space    used 17213K, capacity 18304K, committed 18304K, reserved 1048576K
Event: 635.304 GC heap after
Heap after GC invocations=71 (full 10):
 PSYoungGen      total 339968K, used 76789K [0x00000000e0000000, 0x0000000100000000, 0x0000000100000000)
  eden space 263168K, 0% used [0x00000000e0000000,0x00000000e0000000,0x00000000f0100000)
  from space 76800K, 99% used [0x00000000f0100000,0x00000000f4bfd588,0x00000000f4c00000)
  to   space 132608K, 0% used [0x00000000f7e80000,0x00000000f7e80000,0x0000000100000000)
 ParOldGen       total 437248K, used 338754K [0x00000000a0000000, 0x00000000bab00000, 0x00000000e0000000)
  object space 437248K, 77% used [0x00000000a0000000,0x00000000b4ad0840,0x00000000bab00000)
 Metaspace       used 138204K, capacity 143427K, committed 143488K, reserved 1175552K
  class space    used 17213K, capacity 18304K, committed 18304K, reserved 1048576K
}
Event: 3314.608 GC heap before
{Heap before GC invocations=72 (full 10):
 PSYoungGen      total 339968K, used 339957K [0x00000000e0000000, 0x0000000100000000, 0x0000000100000000)
  eden space 263168K, 100% used [0x00000000e0000000,0x00000000f0100000,0x00000000f0100000)
  from space 76800K, 99% used [0x00000000f0100000,0x00000000f4bfd588,0x00000000f4c00000)
  to   space 132608K, 0% used [0x00000000f7e80000,0x00000000f7e80000,0x0000000100000000)
 ParOldGen       total 437248K, used 338764K [0x00000000a0000000, 0x00000000bab00000, 0x00000000e0000000)
  object space 437248K, 77% used [0x00000000a0000000,0x00000000b4ad31b8,0x00000000bab00000)
 Metaspace       used 139583K, capacity 144901K, committed 145024K, reserved 1175552K
  class space    used 17400K, capacity 18517K, committed 18560K, reserved 1048576K
Event: 3320.939 GC heap after
Heap after GC invocations=72 (full 10):
 PSYoungGen      total 397312K, used 57094K [0x00000000e0000000, 0x0000000100000000, 0x0000000100000000)
  eden space 264704K, 0% used [0x00000000e0000000,0x00000000e0000000,0x00000000f0280000)
  from space 132608K, 43% used [0x00000000f7e80000,0x00000000fb641880,0x0000000100000000)
  to   space 126976K, 0% used [0x00000000f0280000,0x00000000f0280000,0x00000000f7e80000)
 ParOldGen       total 437248K, used 338772K [0x00000000a0000000, 0x00000000bab00000, 0x00000000e0000000)
  object space 437248K, 77% used [0x00000000a0000000,0x00000000b4ad51b8,0x00000000bab00000)
 Metaspace       used 139583K, capacity 144901K, committed 145024K, reserved 1175552K
  class space    used 17400K, capacity 18517K, committed 18560K, reserved 1048576K
}
Event: 5970.098 GC heap before
{Heap before GC invocations=73 (full 10):
 PSYoungGen      total 397312K, used 321798K [0x00000000e0000000, 0x0000000100000000, 0x0000000100000000)
  eden space 264704K, 100% used [0x00000000e0000000,0x00000000f0280000,0x00000000f0280000)
  from space 132608K, 43% used [0x00000000f7e80000,0x00000000fb641880,0x0000000100000000)
  to   space 126976K, 0% used [0x00000000f0280000,0x00000000f0280000,0x00000000f7e80000)
 ParOldGen       total 437248K, used 338772K [0x00000000a0000000, 0x00000000bab00000, 0x00000000e0000000)
  object space 437248K, 77% used [0x00000000a0000000,0x00000000b4ad51b8,0x00000000bab00000)
 Metaspace       used 152158K, capacity 158367K, committed 158464K, reserved 1187840K
  class space    used 19108K, capacity 20446K, committed 20480K, reserved 1048576K
Event: 6000.556 GC heap after
Heap after GC invocations=73 (full 10):
 PSYoungGen      total 391680K, used 83288K [0x00000000e0000000, 0x0000000100000000, 0x0000000100000000)
  eden space 264704K, 0% used [0x00000000e0000000,0x00000000e0000000,0x00000000f0280000)
  from space 126976K, 65% used [0x00000000f0280000,0x00000000f53d6370,0x00000000f7e80000)
  to   space 131072K, 0% used [0x00000000f8000000,0x00000000f8000000,0x0000000100000000)
 ParOldGen       total 437248K, used 338780K [0x00000000a0000000, 0x00000000bab00000, 0x00000000e0000000)
  object space 437248K, 77% used [0x00000000a0000000,0x00000000b4ad71b8,0x00000000bab00000)
 Metaspace       used 152158K, capacity 158367K, committed 158464K, reserved 1187840K
  class space    used 19108K, capacity 20446K, committed 20480K, reserved 1048576K
}
Event: 6041.274 GC heap before
{Heap before GC invocations=74 (full 10):
 PSYoungGen      total 391680K, used 347992K [0x00000000e0000000, 0x0000000100000000, 0x0000000100000000)
  eden space 264704K, 99% used [0x00000000e0000000,0x00000000f027ff68,0x00000000f0280000)
  from space 126976K, 65% used [0x00000000f0280000,0x00000000f53d6370,0x00000000f7e80000)
  to   space 131072K, 0% used [0x00000000f8000000,0x00000000f8000000,0x0000000100000000)
 ParOldGen       total 437248K, used 338780K [0x00000000a0000000, 0x00000000bab00000, 0x00000000e0000000)
  object space 437248K, 77% used [0x00000000a0000000,0x00000000b4ad71b8,0x00000000bab00000)
 Metaspace       used 155810K, capacity 162189K, committed 162432K, reserved 1189888K
  class space    used 19641K, capacity 21023K, committed 21120K, reserved 1048576K
Event: 6043.496 GC heap after
Heap after GC invocations=74 (full 10):
 PSYoungGen      total 382976K, used 90559K [0x00000000e0000000, 0x0000000100000000, 0x0000000100000000)
  eden space 251904K, 0% used [0x00000000e0000000,0x00000000e0000000,0x00000000ef600000)
  from space 131072K, 69% used [0x00000000f8000000,0x00000000fd86fca8,0x0000000100000000)
  to   space 136192K, 0% used [0x00000000ef600000,0x00000000ef600000,0x00000000f7b00000)
 ParOldGen       total 437248K, used 338788K [0x00000000a0000000, 0x00000000bab00000, 0x00000000e0000000)
  object space 437248K, 77% used [0x00000000a0000000,0x00000000b4ad91b8,0x00000000bab00000)
 Metaspace       used 155810K, capacity 162189K, committed 162432K, reserved 1189888K
  class space    used 19641K, capacity 21023K, committed 21120K, reserved 1048576K
}
Event: 6062.023 GC heap before
{Heap before GC invocations=75 (full 10):
 PSYoungGen      total 382976K, used 342463K [0x00000000e0000000, 0x0000000100000000, 0x0000000100000000)
  eden space 251904K, 100% used [0x00000000e0000000,0x00000000ef600000,0x00000000ef600000)
  from space 131072K, 69% used [0x00000000f8000000,0x00000000fd86fca8,0x0000000100000000)
  to   space 136192K, 0% used [0x00000000ef600000,0x00000000ef600000,0x00000000f7b00000)
 ParOldGen       total 437248K, used 338788K [0x00000000a0000000, 0x00000000bab00000, 0x00000000e0000000)
  object space 437248K, 77% used [0x00000000a0000000,0x00000000b4ad91b8,0x00000000bab00000)
 Metaspace       used 157976K, capacity 164401K, committed 164736K, reserved 1191936K
  class space    used 19881K, capacity 21277K, committed 21376K, reserved 1048576K
Event: 6062.404 GC heap after
Heap after GC invocations=75 (full 10):
 PSYoungGen      total 347136K, used 94982K [0x00000000e0000000, 0x0000000100000000, 0x0000000100000000)
  eden space 251904K, 0% used [0x00000000e0000000,0x00000000e0000000,0x00000000ef600000)
  from space 95232K, 99% used [0x00000000ef600000,0x00000000f52c1ba0,0x00000000f5300000)
  to   space 141824K, 0% used [0x00000000f7580000,0x00000000f7580000,0x0000000100000000)
 ParOldGen       total 437248K, used 338796K [0x00000000a0000000, 0x00000000bab00000, 0x00000000e0000000)
  object space 437248K, 77% used [0x00000000a0000000,0x00000000b4adb1b8,0x00000000bab00000)
 Metaspace       used 157976K, capacity 164401K, committed 164736K, reserved 1191936K
  class space    used 19881K, capacity 21277K, committed 21376K, reserved 1048576K
}

