# JRE version: OpenJDK Runtime Environment (8.0_202-b03) (build 1.8.0_202-release-1483-b03)
# Java VM: OpenJDK 64-Bit Server VM (25.202-b03 mixed mode windows-amd64 compressed oops)
Heap:
 PSYoungGen      total 455168K, used 145987K [0x00000000e0000000, 0x00000000ffa00000, 0x0000000100000000)
  eden space 389120K, 32% used [0x00000000e0000000,0x00000000e7c000c0,0x00000000f7c00000)
  from space 66048K, 28% used [0x00000000f7c00000,0x00000000f8e90bb0,0x00000000fbc80000)
  to   space 62464K, 0% used [0x00000000fbd00000,0x00000000fbd00000,0x00000000ffa00000)
 ParOldGen       total 233984K, used 168655K [0x00000000a0000000, 0x00000000ae480000, 0x00000000e0000000)
  object space 233984K, 72% used [0x00000000a0000000,0x00000000aa4b3c50,0x00000000ae480000)
 Metaspace       used 95508K, capacity 99056K, committed 99288K, reserved 1136640K
  class space    used 11912K, capacity 12683K, committed 12800K, reserved 1048576K
GC Heap History (10 events):
Event: 1666.562 GC heap before
{Heap before GC invocations=41 (full 6):
 PSYoungGen      total 453120K, used 35650K [0x00000000e0000000, 0x0000000100000000, 0x0000000100000000)
  eden space 381952K, 0% used [0x00000000e0000000,0x00000000e0000000,0x00000000f7500000)
  from space 71168K, 50% used [0x00000000f7500000,0x00000000f97d0930,0x00000000fba80000)
  to   space 70656K, 0% used [0x00000000fbb00000,0x00000000fbb00000,0x0000000100000000)
 ParOldGen       total 279552K, used 233280K [0x00000000a0000000, 0x00000000b1100000, 0x00000000e0000000)
  object space 279552K, 83% used [0x00000000a0000000,0x00000000ae3d03d8,0x00000000b1100000)
 Metaspace       used 95203K, capacity 98760K, committed 99032K, reserved 1136640K
  class space    used 11889K, capacity 12663K, committed 12800K, reserved 1048576K
Event: 1667.175 GC heap after
Heap after GC invocations=41 (full 6):
 PSYoungGen      total 453120K, used 0K [0x00000000e0000000, 0x0000000100000000, 0x0000000100000000)
  eden space 381952K, 0% used [0x00000000e0000000,0x00000000e0000000,0x00000000f7500000)
  from space 71168K, 0% used [0x00000000f7500000,0x00000000f7500000,0x00000000fba80000)
  to   space 70656K, 0% used [0x00000000fbb00000,0x00000000fbb00000,0x0000000100000000)
 ParOldGen       total 233984K, used 130064K [0x00000000a0000000, 0x00000000ae480000, 0x00000000e0000000)
  object space 233984K, 55% used [0x00000000a0000000,0x00000000a7f04200,0x00000000ae480000)
 Metaspace       used 95203K, capacity 98760K, committed 99032K, reserved 1136640K
  class space    used 11889K, capacity 12663K, committed 12800K, reserved 1048576K
}
Event: 1683.459 GC heap before
{Heap before GC invocations=42 (full 6):
 PSYoungGen      total 453120K, used 381952K [0x00000000e0000000, 0x0000000100000000, 0x0000000100000000)
  eden space 381952K, 100% used [0x00000000e0000000,0x00000000f7500000,0x00000000f7500000)
  from space 71168K, 0% used [0x00000000f7500000,0x00000000f7500000,0x00000000fba80000)
  to   space 70656K, 0% used [0x00000000fbb00000,0x00000000fbb00000,0x0000000100000000)
 ParOldGen       total 233984K, used 130064K [0x00000000a0000000, 0x00000000ae480000, 0x00000000e0000000)
  object space 233984K, 55% used [0x00000000a0000000,0x00000000a7f04200,0x00000000ae480000)
 Metaspace       used 95442K, capacity 98992K, committed 99288K, reserved 1136640K
  class space    used 11910K, capacity 12683K, committed 12800K, reserved 1048576K
Event: 1683.544 GC heap after
Heap after GC invocations=42 (full 6):
 PSYoungGen      total 448512K, used 32309K [0x00000000e0000000, 0x00000000ffb80000, 0x0000000100000000)
  eden space 382464K, 0% used [0x00000000e0000000,0x00000000e0000000,0x00000000f7580000)
  from space 66048K, 48% used [0x00000000fbb00000,0x00000000fda8d6f0,0x00000000ffb80000)
  to   space 68608K, 0% used [0x00000000f7580000,0x00000000f7580000,0x00000000fb880000)
 ParOldGen       total 233984K, used 130072K [0x00000000a0000000, 0x00000000ae480000, 0x00000000e0000000)
  object space 233984K, 55% used [0x00000000a0000000,0x00000000a7f06200,0x00000000ae480000)
 Metaspace       used 95442K, capacity 98992K, committed 99288K, reserved 1136640K
  class space    used 11910K, capacity 12683K, committed 12800K, reserved 1048576K
}
Event: 1685.434 GC heap before
{Heap before GC invocations=43 (full 6):
 PSYoungGen      total 448512K, used 414773K [0x00000000e0000000, 0x00000000ffb80000, 0x0000000100000000)
  eden space 382464K, 100% used [0x00000000e0000000,0x00000000f7580000,0x00000000f7580000)
  from space 66048K, 48% used [0x00000000fbb00000,0x00000000fda8d6f0,0x00000000ffb80000)
  to   space 68608K, 0% used [0x00000000f7580000,0x00000000f7580000,0x00000000fb880000)
 ParOldGen       total 233984K, used 130072K [0x00000000a0000000, 0x00000000ae480000, 0x00000000e0000000)
  object space 233984K, 55% used [0x00000000a0000000,0x00000000a7f06200,0x00000000ae480000)
 Metaspace       used 95483K, capacity 99056K, committed 99288K, reserved 1136640K
  class space    used 11912K, capacity 12683K, committed 12800K, reserved 1048576K
Event: 1685.500 GC heap after
Heap after GC invocations=43 (full 6):
 PSYoungGen      total 451072K, used 11835K [0x00000000e0000000, 0x00000000ffe80000, 0x0000000100000000)
  eden space 382464K, 0% used [0x00000000e0000000,0x00000000e0000000,0x00000000f7580000)
  from space 68608K, 17% used [0x00000000f7580000,0x00000000f810efd8,0x00000000fb880000)
  to   space 66560K, 0% used [0x00000000fbd80000,0x00000000fbd80000,0x00000000ffe80000)
 ParOldGen       total 233984K, used 155893K [0x00000000a0000000, 0x00000000ae480000, 0x00000000e0000000)
  object space 233984K, 66% used [0x00000000a0000000,0x00000000a983d538,0x00000000ae480000)
 Metaspace       used 95483K, capacity 99056K, committed 99288K, reserved 1136640K
  class space    used 11912K, capacity 12683K, committed 12800K, reserved 1048576K
}
Event: 1687.092 GC heap before
{Heap before GC invocations=44 (full 6):
 PSYoungGen      total 451072K, used 394299K [0x00000000e0000000, 0x00000000ffe80000, 0x0000000100000000)
  eden space 382464K, 100% used [0x00000000e0000000,0x00000000f7580000,0x00000000f7580000)
  from space 68608K, 17% used [0x00000000f7580000,0x00000000f810efd8,0x00000000fb880000)
  to   space 66560K, 0% used [0x00000000fbd80000,0x00000000fbd80000,0x00000000ffe80000)
 ParOldGen       total 233984K, used 155893K [0x00000000a0000000, 0x00000000ae480000, 0x00000000e0000000)
  object space 233984K, 66% used [0x00000000a0000000,0x00000000a983d538,0x00000000ae480000)
 Metaspace       used 95485K, capacity 99056K, committed 99288K, reserved 1136640K
  class space    used 11912K, capacity 12683K, committed 12800K, reserved 1048576K
Event: 1687.117 GC heap after
Heap after GC invocations=44 (full 6):
 PSYoungGen      total 454144K, used 3024K [0x00000000e0000000, 0x00000000ffd00000, 0x0000000100000000)
  eden space 389120K, 0% used [0x00000000e0000000,0x00000000e0000000,0x00000000f7c00000)
  from space 65024K, 4% used [0x00000000fbd80000,0x00000000fc074010,0x00000000ffd00000)
  to   space 66048K, 0% used [0x00000000f7c00000,0x00000000f7c00000,0x00000000fbc80000)
 ParOldGen       total 233984K, used 165995K [0x00000000a0000000, 0x00000000ae480000, 0x00000000e0000000)
  object space 233984K, 70% used [0x00000000a0000000,0x00000000aa21ad10,0x00000000ae480000)
 Metaspace       used 95485K, capacity 99056K, committed 99288K, reserved 1136640K
  class space    used 11912K, capacity 12683K, committed 12800K, reserved 1048576K
}
Event: 1688.707 GC heap before
{Heap before GC invocations=45 (full 6):
 PSYoungGen      total 454144K, used 392144K [0x00000000e0000000, 0x00000000ffd00000, 0x0000000100000000)
  eden space 389120K, 100% used [0x00000000e0000000,0x00000000f7c00000,0x00000000f7c00000)
  from space 65024K, 4% used [0x00000000fbd80000,0x00000000fc074010,0x00000000ffd00000)
  to   space 66048K, 0% used [0x00000000f7c00000,0x00000000f7c00000,0x00000000fbc80000)
 ParOldGen       total 233984K, used 165995K [0x00000000a0000000, 0x00000000ae480000, 0x00000000e0000000)
  object space 233984K, 70% used [0x00000000a0000000,0x00000000aa21ad10,0x00000000ae480000)
 Metaspace       used 95497K, capacity 99056K, committed 99288K, reserved 1136640K
  class space    used 11912K, capacity 12683K, committed 12800K, reserved 1048576K
Event: 1688.739 GC heap after
Heap after GC invocations=45 (full 6):
 PSYoungGen      total 455168K, used 19010K [0x00000000e0000000, 0x00000000ffa00000, 0x0000000100000000)
  eden space 389120K, 0% used [0x00000000e0000000,0x00000000e0000000,0x00000000f7c00000)
  from space 66048K, 28% used [0x00000000f7c00000,0x00000000f8e90bb0,0x00000000fbc80000)
  to   space 62464K, 0% used [0x00000000fbd00000,0x00000000fbd00000,0x00000000ffa00000)
 ParOldGen       total 233984K, used 168655K [0x00000000a0000000, 0x00000000ae480000, 0x00000000e0000000)
  object space 233984K, 72% used [0x00000000a0000000,0x00000000aa4b3c50,0x00000000ae480000)
 Metaspace       used 95497K, capacity 99056K, committed 99288K, reserved 1136640K
  class space    used 11912K, capacity 12683K, committed 12800K, reserved 1048576K
}

