# JRE version: OpenJDK Runtime Environment (8.0_202-b03) (build 1.8.0_202-release-1483-b03)
# Java VM: OpenJDK 64-Bit Server VM (25.202-b03 mixed mode windows-amd64 compressed oops)
Heap:
 PSYoungGen      total 436224K, used 135462K [0x00000000e0000000, 0x00000000ffe80000, 0x0000000100000000)
  eden space 350720K, 14% used [0x00000000e0000000,0x00000000e30ce648,0x00000000f5680000)
  from space 85504K, 99% used [0x00000000fab00000,0x00000000ffe7b398,0x00000000ffe80000)
  to   space 86528K, 0% used [0x00000000f5680000,0x00000000f5680000,0x00000000fab00000)
 ParOldGen       total 553472K, used 370182K [0x00000000a0000000, 0x00000000c1c80000, 0x00000000e0000000)
  object space 553472K, 66% used [0x00000000a0000000,0x00000000b6981a48,0x00000000c1c80000)
 Metaspace       used 184917K, capacity 193999K, committed 195032K, reserved 1218560K
  class space    used 23383K, capacity 25132K, committed 25344K, reserved 1048576K
GC Heap History (10 events):
Event: 7068.741 GC heap before
{Heap before GC invocations=84 (full 7):
 PSYoungGen      total 463360K, used 60924K [0x00000000e0000000, 0x0000000100000000, 0x0000000100000000)
  eden space 402432K, 0% used [0x00000000e0000000,0x00000000e0000000,0x00000000f8900000)
  from space 60928K, 99% used [0x00000000f8900000,0x00000000fc47f048,0x00000000fc480000)
  to   space 60928K, 0% used [0x00000000fc480000,0x00000000fc480000,0x0000000100000000)
 ParOldGen       total 418304K, used 374307K [0x00000000a0000000, 0x00000000b9880000, 0x00000000e0000000)
  object space 418304K, 89% used [0x00000000a0000000,0x00000000b6d88c70,0x00000000b9880000)
 Metaspace       used 182337K, capacity 190901K, committed 192728K, reserved 1216512K
  class space    used 23069K, capacity 24717K, committed 25088K, reserved 1048576K
Event: 7070.120 GC heap after
Heap after GC invocations=84 (full 7):
 PSYoungGen      total 463360K, used 0K [0x00000000e0000000, 0x0000000100000000, 0x0000000100000000)
  eden space 402432K, 0% used [0x00000000e0000000,0x00000000e0000000,0x00000000f8900000)
  from space 60928K, 0% used [0x00000000f8900000,0x00000000f8900000,0x00000000fc480000)
  to   space 60928K, 0% used [0x00000000fc480000,0x00000000fc480000,0x0000000100000000)
 ParOldGen       total 553472K, used 270842K [0x00000000a0000000, 0x00000000c1c80000, 0x00000000e0000000)
  object space 553472K, 48% used [0x00000000a0000000,0x00000000b087e998,0x00000000c1c80000)
 Metaspace       used 182330K, capacity 190881K, committed 192728K, reserved 1216512K
  class space    used 23067K, capacity 24713K, committed 25088K, reserved 1048576K
}
Event: 7073.535 GC heap before
{Heap before GC invocations=85 (full 7):
 PSYoungGen      total 463360K, used 402432K [0x00000000e0000000, 0x0000000100000000, 0x0000000100000000)
  eden space 402432K, 100% used [0x00000000e0000000,0x00000000f8900000,0x00000000f8900000)
  from space 60928K, 0% used [0x00000000f8900000,0x00000000f8900000,0x00000000fc480000)
  to   space 60928K, 0% used [0x00000000fc480000,0x00000000fc480000,0x0000000100000000)
 ParOldGen       total 553472K, used 270842K [0x00000000a0000000, 0x00000000c1c80000, 0x00000000e0000000)
  object space 553472K, 48% used [0x00000000a0000000,0x00000000b087e998,0x00000000c1c80000)
 Metaspace       used 183377K, capacity 192069K, committed 193624K, reserved 1218560K
  class space    used 23206K, capacity 24891K, committed 25216K, reserved 1048576K
Event: 7073.578 GC heap after
Heap after GC invocations=85 (full 7):
 PSYoungGen      total 411136K, used 37823K [0x00000000e0000000, 0x0000000100000000, 0x0000000100000000)
  eden space 350208K, 0% used [0x00000000e0000000,0x00000000e0000000,0x00000000f5600000)
  from space 60928K, 62% used [0x00000000fc480000,0x00000000fe96fd60,0x0000000100000000)
  to   space 87040K, 0% used [0x00000000f5600000,0x00000000f5600000,0x00000000fab00000)
 ParOldGen       total 553472K, used 270850K [0x00000000a0000000, 0x00000000c1c80000, 0x00000000e0000000)
  object space 553472K, 48% used [0x00000000a0000000,0x00000000b0880998,0x00000000c1c80000)
 Metaspace       used 183377K, capacity 192069K, committed 193624K, reserved 1218560K
  class space    used 23206K, capacity 24891K, committed 25216K, reserved 1048576K
}
Event: 7104.051 GC heap before
{Heap before GC invocations=86 (full 7):
 PSYoungGen      total 411136K, used 388031K [0x00000000e0000000, 0x0000000100000000, 0x0000000100000000)
  eden space 350208K, 100% used [0x00000000e0000000,0x00000000f5600000,0x00000000f5600000)
  from space 60928K, 62% used [0x00000000fc480000,0x00000000fe96fd60,0x0000000100000000)
  to   space 87040K, 0% used [0x00000000f5600000,0x00000000f5600000,0x00000000fab00000)
 ParOldGen       total 553472K, used 270850K [0x00000000a0000000, 0x00000000c1c80000, 0x00000000e0000000)
  object space 553472K, 48% used [0x00000000a0000000,0x00000000b0880998,0x00000000c1c80000)
 Metaspace       used 184293K, capacity 193189K, committed 194392K, reserved 1218560K
  class space    used 23316K, capacity 25021K, committed 25216K, reserved 1048576K
Event: 7104.131 GC heap after
Heap after GC invocations=86 (full 7):
 PSYoungGen      total 437248K, used 43533K [0x00000000e0000000, 0x0000000100000000, 0x0000000100000000)
  eden space 350208K, 0% used [0x00000000e0000000,0x00000000e0000000,0x00000000f5600000)
  from space 87040K, 50% used [0x00000000f5600000,0x00000000f80837c0,0x00000000fab00000)
  to   space 86528K, 0% used [0x00000000fab80000,0x00000000fab80000,0x0000000100000000)
 ParOldGen       total 553472K, used 289929K [0x00000000a0000000, 0x00000000c1c80000, 0x00000000e0000000)
  object space 553472K, 52% used [0x00000000a0000000,0x00000000b1b22768,0x00000000c1c80000)
 Metaspace       used 184293K, capacity 193189K, committed 194392K, reserved 1218560K
  class space    used 23316K, capacity 25021K, committed 25216K, reserved 1048576K
}
Event: 7104.448 GC heap before
{Heap before GC invocations=87 (full 7):
 PSYoungGen      total 437248K, used 393741K [0x00000000e0000000, 0x0000000100000000, 0x0000000100000000)
  eden space 350208K, 100% used [0x00000000e0000000,0x00000000f5600000,0x00000000f5600000)
  from space 87040K, 50% used [0x00000000f5600000,0x00000000f80837c0,0x00000000fab00000)
  to   space 86528K, 0% used [0x00000000fab80000,0x00000000fab80000,0x0000000100000000)
 ParOldGen       total 553472K, used 289929K [0x00000000a0000000, 0x00000000c1c80000, 0x00000000e0000000)
  object space 553472K, 52% used [0x00000000a0000000,0x00000000b1b22768,0x00000000c1c80000)
 Metaspace       used 184293K, capacity 193189K, committed 194392K, reserved 1218560K
  class space    used 23316K, capacity 25021K, committed 25216K, reserved 1048576K
Event: 7104.482 GC heap after
Heap after GC invocations=87 (full 7):
 PSYoungGen      total 436736K, used 96K [0x00000000e0000000, 0x00000000fff80000, 0x0000000100000000)
  eden space 350720K, 0% used [0x00000000e0000000,0x00000000e0000000,0x00000000f5680000)
  from space 86016K, 0% used [0x00000000fab80000,0x00000000fab98000,0x00000000fff80000)
  to   space 86528K, 0% used [0x00000000f5680000,0x00000000f5680000,0x00000000fab00000)
 ParOldGen       total 553472K, used 322245K [0x00000000a0000000, 0x00000000c1c80000, 0x00000000e0000000)
  object space 553472K, 58% used [0x00000000a0000000,0x00000000b3ab1570,0x00000000c1c80000)
 Metaspace       used 184293K, capacity 193189K, committed 194392K, reserved 1218560K
  class space    used 23316K, capacity 25021K, committed 25216K, reserved 1048576K
}
Event: 7104.728 GC heap before
{Heap before GC invocations=88 (full 7):
 PSYoungGen      total 436736K, used 350816K [0x00000000e0000000, 0x00000000fff80000, 0x0000000100000000)
  eden space 350720K, 100% used [0x00000000e0000000,0x00000000f5680000,0x00000000f5680000)
  from space 86016K, 0% used [0x00000000fab80000,0x00000000fab98000,0x00000000fff80000)
  to   space 86528K, 0% used [0x00000000f5680000,0x00000000f5680000,0x00000000fab00000)
 ParOldGen       total 553472K, used 322245K [0x00000000a0000000, 0x00000000c1c80000, 0x00000000e0000000)
  object space 553472K, 58% used [0x00000000a0000000,0x00000000b3ab1570,0x00000000c1c80000)
 Metaspace       used 184293K, capacity 193189K, committed 194392K, reserved 1218560K
  class space    used 23316K, capacity 25021K, committed 25216K, reserved 1048576K
Event: 7104.732 GC heap after
Heap after GC invocations=88 (full 7):
 PSYoungGen      total 437248K, used 96K [0x00000000e0000000, 0x00000000ffe80000, 0x0000000100000000)
  eden space 350720K, 0% used [0x00000000e0000000,0x00000000e0000000,0x00000000f5680000)
  from space 86528K, 0% used [0x00000000f5680000,0x00000000f5698000,0x00000000fab00000)
  to   space 85504K, 0% used [0x00000000fab00000,0x00000000fab00000,0x00000000ffe80000)
 ParOldGen       total 553472K, used 322261K [0x00000000a0000000, 0x00000000c1c80000, 0x00000000e0000000)
  object space 553472K, 58% used [0x00000000a0000000,0x00000000b3ab5570,0x00000000c1c80000)
 Metaspace       used 184293K, capacity 193189K, committed 194392K, reserved 1218560K
  class space    used 23316K, capacity 25021K, committed 25216K, reserved 1048576K
}

